Using pre-set license
Built from '2022.3/release' branch; Version is '2022.3.5f1 (9674261d40ee) revision 9860134'; Using compiler version '192829333'; Build Type 'Release'
OS: 'Windows 10  (10.0.19045) 64bit Professional' Language: 'en' Physical Memory: 8142 MB
BatchMode: 1, IsHumanControllingUs: 0, StartBugReporterOnCrash: 0, Is64bit: 1, IsPro: 1

COMMAND LINE ARGUMENTS:
C:\Program Files\Unity\Hub\Editor\2022.3.5f1\Editor\Unity.exe
-adb2
-batchMode
-noUpm
-name
AssetImportWorker2
-projectPath
Z:/MY work/VRsocial
-logFile
Logs/AssetImportWorker2.log
-srvPort
61048
Successfully changed project path to: Z:/MY work/VRsocial
Z:/MY work/VRsocial
[UnityMemory] Configuration Parameters - Can be set up in boot.config
    "memorysetup-bucket-allocator-granularity=16"
    "memorysetup-bucket-allocator-bucket-count=8"
    "memorysetup-bucket-allocator-block-size=33554432"
    "memorysetup-bucket-allocator-block-count=8"
    "memorysetup-main-allocator-block-size=16777216"
    "memorysetup-thread-allocator-block-size=16777216"
    "memorysetup-gfx-main-allocator-block-size=16777216"
    "memorysetup-gfx-thread-allocator-block-size=16777216"
    "memorysetup-cache-allocator-block-size=4194304"
    "memorysetup-typetree-allocator-block-size=2097152"
    "memorysetup-profiler-bucket-allocator-granularity=16"
    "memorysetup-profiler-bucket-allocator-bucket-count=8"
    "memorysetup-profiler-bucket-allocator-block-size=33554432"
    "memorysetup-profiler-bucket-allocator-block-count=8"
    "memorysetup-profiler-allocator-block-size=16777216"
    "memorysetup-profiler-editor-allocator-block-size=1048576"
    "memorysetup-temp-allocator-size-main=16777216"
    "memorysetup-job-temp-allocator-block-size=2097152"
    "memorysetup-job-temp-allocator-block-size-background=1048576"
    "memorysetup-job-temp-allocator-reduction-small-platforms=262144"
    "memorysetup-allocator-temp-initial-block-size-main=262144"
    "memorysetup-allocator-temp-initial-block-size-worker=262144"
    "memorysetup-temp-allocator-size-background-worker=32768"
    "memorysetup-temp-allocator-size-job-worker=262144"
    "memorysetup-temp-allocator-size-preload-manager=33554432"
    "memorysetup-temp-allocator-size-nav-mesh-worker=65536"
    "memorysetup-temp-allocator-size-audio-worker=65536"
    "memorysetup-temp-allocator-size-cloud-worker=32768"
    "memorysetup-temp-allocator-size-gi-baking-worker=262144"
    "memorysetup-temp-allocator-size-gfx=262144"
Player connection [28600] Host "[IP] 192.168.0.169 [Port] 0 [Flags] 2 [Guid] 394253984 [EditorId] 394253984 [Version] 1048832 [Id] WindowsEditor(7,DESKTOP-TAG5E5U) [Debug] 1 [PackageName] WindowsEditor [ProjectName] Editor" joined multi-casting on [225.0.0.222:54997]...

Player connection [28600] Host "[IP] 192.168.0.169 [Port] 0 [Flags] 2 [Guid] 394253984 [EditorId] 394253984 [Version] 1048832 [Id] WindowsEditor(7,DESKTOP-TAG5E5U) [Debug] 1 [PackageName] WindowsEditor [ProjectName] Editor" joined alternative multi-casting on [225.0.0.222:34997]...

Refreshing native plugins compatible for Editor in 80.80 ms, found 6 plugins.
Preloading 0 native plugins for Editor in 0.00 ms.
Initialize engine version: 2022.3.5f1 (9674261d40ee)
[Subsystems] Discovering subsystems at path C:/Program Files/Unity/Hub/Editor/2022.3.5f1/Editor/Data/Resources/UnitySubsystems
[Subsystems] Discovering subsystems at path Z:/MY work/VRsocial/Assets
GfxDevice: creating device client; threaded=0; jobified=0
Direct3D:
    Version:  Direct3D 11.0 [level 11.1]
    Renderer: NVIDIA GeForce GTX 1050 Ti (ID=0x1c82)
    Vendor:   NVIDIA
    VRAM:     4004 MB
    Driver:   31.0.15.5222
Initialize mono
Mono path[0] = 'C:/Program Files/Unity/Hub/Editor/2022.3.5f1/Editor/Data/Managed'
Mono path[1] = 'C:/Program Files/Unity/Hub/Editor/2022.3.5f1/Editor/Data/MonoBleedingEdge/lib/mono/unityjit-win32'
Mono config path = 'C:/Program Files/Unity/Hub/Editor/2022.3.5f1/Editor/Data/MonoBleedingEdge/etc'
Using monoOptions --debugger-agent=transport=dt_socket,embedding=1,server=y,suspend=n,address=127.0.0.1:56312
Begin MonoManager ReloadAssembly
Registering precompiled unity dll's ...
Register platform support module: C:/Program Files/Unity/Hub/Editor/2022.3.5f1/Editor/Data/PlaybackEngines/WebGLSupport/UnityEditor.WebGL.Extensions.dll
Register platform support module: C:/Program Files/Unity/Hub/Editor/2022.3.5f1/Editor/Data/PlaybackEngines/AndroidPlayer/UnityEditor.Android.Extensions.dll
Register platform support module: C:/Program Files/Unity/Hub/Editor/2022.3.5f1/Editor/Data/PlaybackEngines/WindowsStandaloneSupport/UnityEditor.WindowsStandalone.Extensions.dll
Registered in 0.024040 seconds.
- Loaded All Assemblies, in  0.533 seconds
Native extension for WindowsStandalone target not found
Native extension for Android target not found
Android Extension - Scanning For ADB Devices 3765 ms
Native extension for WebGL target not found
Mono: successfully reloaded assembly
- Finished resetting the current domain, in  4.195 seconds
Domain Reload Profiling: 4724ms
	BeginReloadAssembly (160ms)
		ExecutionOrderSort (0ms)
		DisableScriptedObjects (0ms)
		BackupInstance (0ms)
		ReleaseScriptingObjects (0ms)
		CreateAndSetChildDomain (2ms)
	RebuildCommonClasses (50ms)
	RebuildNativeTypeToScriptingClass (13ms)
	initialDomainReloadingComplete (101ms)
	LoadAllAssembliesAndSetupDomain (204ms)
		LoadAssemblies (155ms)
		RebuildTransferFunctionScriptingTraits (0ms)
		AnalyzeDomain (190ms)
			TypeCache.Refresh (188ms)
				TypeCache.ScanAssembly (173ms)
			ScanForSourceGeneratedMonoScriptInfo (0ms)
			ResolveRequiredComponents (1ms)
	FinalizeReload (4196ms)
		ReleaseScriptCaches (0ms)
		RebuildScriptCaches (0ms)
		SetupLoadedEditorAssemblies (4119ms)
			LogAssemblyErrors (0ms)
			InitializePlatformSupportModulesInManaged (3925ms)
			SetLoadedEditorAssemblies (4ms)
			RefreshPlugins (0ms)
			BeforeProcessingInitializeOnLoad (5ms)
			ProcessInitializeOnLoadAttributes (119ms)
			ProcessInitializeOnLoadMethodAttributes (64ms)
			AfterProcessingInitializeOnLoad (0ms)
			EditorAssembliesLoaded (1ms)
		ExecutionOrderSort2 (0ms)
		AwakeInstancesAfterBackupRestoration (0ms)
========================================================================
Worker process is ready to serve import requests
Begin MonoManager ReloadAssembly
Symbol file LoadedFromMemory doesn't match image Z:\MY work\VRsocial\Library\PackageCache\com.unity.visualscripting@1.8.0\Editor\VisualScripting.Core\Dependencies\YamlDotNet\Unity.VisualScripting.YamlDotNet.dll
Symbol file LoadedFromMemory doesn't match image Z:\MY work\VRsocial\Library\PackageCache\com.unity.visualscripting@1.8.0\Editor\VisualScripting.Core\Dependencies\DotNetZip\Unity.VisualScripting.IonicZip.dll
- Loaded All Assemblies, in 29.131 seconds
Refreshing native plugins compatible for Editor in 28.28 ms, found 6 plugins.
Native extension for WindowsStandalone target not found
Native extension for Android target not found
Native extension for WebGL target not found
Package Manager log level set to [2]
[Package Manager] Server::EnsureServerProcessIsRunning -- launch failed, reason: Unity was launched with the -noUpm command-line argument
[Package Manager] UpmClient::Send -- Unable to send message (not connected to UPM process).
[Package Manager] Cannot connect to Unity Package Manager local server
[Package Manager] Server::EnsureServerProcessIsRunning -- launch failed, reason: Unity was launched with the -noUpm command-line argument
[Package Manager] UpmClient::Send -- Unable to send message (not connected to UPM process).
[Package Manager] Cannot connect to Unity Package Manager local server
Mono: successfully reloaded assembly
[Package Manager] Server::EnsureServerProcessIsRunning -- launch failed, reason: Unity was launched with the -noUpm command-line argument
[Package Manager] UpmClient::Send -- Unable to send message (not connected to UPM process).
[Package Manager] Cannot connect to Unity Package Manager local server
[Package Manager] Server::EnsureServerProcessIsRunning -- launch failed, reason: Unity was launched with the -noUpm command-line argument
[Package Manager] UpmClient::Send -- Unable to send message (not connected to UPM process).
[Package Manager] Cannot connect to Unity Package Manager local server
- Finished resetting the current domain, in  1.008 seconds
Domain Reload Profiling: 30134ms
	BeginReloadAssembly (239ms)
		ExecutionOrderSort (0ms)
		DisableScriptedObjects (7ms)
		BackupInstance (0ms)
		ReleaseScriptingObjects (0ms)
		CreateAndSetChildDomain (32ms)
	RebuildCommonClasses (45ms)
	RebuildNativeTypeToScriptingClass (14ms)
	initialDomainReloadingComplete (86ms)
	LoadAllAssembliesAndSetupDomain (28741ms)
		LoadAssemblies (28489ms)
		RebuildTransferFunctionScriptingTraits (0ms)
		AnalyzeDomain (393ms)
			TypeCache.Refresh (364ms)
				TypeCache.ScanAssembly (346ms)
			ScanForSourceGeneratedMonoScriptInfo (22ms)
			ResolveRequiredComponents (7ms)
	FinalizeReload (1008ms)
		ReleaseScriptCaches (0ms)
		RebuildScriptCaches (0ms)
		SetupLoadedEditorAssemblies (810ms)
			LogAssemblyErrors (0ms)
			InitializePlatformSupportModulesInManaged (35ms)
			SetLoadedEditorAssemblies (4ms)
			RefreshPlugins (0ms)
			BeforeProcessingInitializeOnLoad (88ms)
			ProcessInitializeOnLoadAttributes (641ms)
			ProcessInitializeOnLoadMethodAttributes (24ms)
			AfterProcessingInitializeOnLoad (16ms)
			EditorAssembliesLoaded (0ms)
		ExecutionOrderSort2 (0ms)
		AwakeInstancesAfterBackupRestoration (8ms)
Launched and connected shader compiler UnityShaderCompiler.exe after 0.24 seconds
Refreshing native plugins compatible for Editor in 19.18 ms, found 6 plugins.
Preloading 0 native plugins for Editor in 0.00 ms.
Unloading 3521 Unused Serialized files (Serialized files now loaded: 0)
Unloading 80 unused Assets / (83.0 KB). Loaded Objects now: 3960.
Memory consumption went from 212.4 MB to 212.3 MB.
Total: 6.796600 ms (FindLiveObjects: 0.894200 ms CreateObjectMapping: 0.692800 ms MarkObjects: 4.827700 ms  DeleteObjects: 0.380300 ms)

AssetImportParameters requested are different than current active one (requested -> active):
  custom:container-demuxer-ogg: 62fdf1f143b41e24485cea50d1cbac27 -> 
  custom:video-codec-MediaFoundation-h265: 746d11721c4dcdbdad8f713fa42b33f4 -> 
  custom:video-decoder-ogg-theora: a1e56fd34408186e4bbccfd4996cb3dc -> 
  custom:framework-win-MediaFoundation: 216162199b28c13a410421893ffa2e32 -> 
  custom:CustomObjectIndexerAttribute: 756ad292c208cfabdd7b50bc23989ffe -> 
  custom:container-demuxer-webm: 4f35f7cbe854078d1ac9338744f61a02 -> 
  custom:scripting/precompiled-assembly-types:PhotonRealtime: 3fed0c954c92e400f7d40a01a82d3a4c -> 59ff5142bf5115d7cd9899d9b037363d
  custom:container-muxer-webm: aa71ff27fc2769a1b78a27578f13a17b -> 
  custom:video-decoder-webm-vp8: 9c59270c3fd7afecdb556c50c9e8de78 -> 
  custom:AudioImporter_EditorPlatform: d09bf68614088b80899f8185d706f6e7 -> 
  custom:video-encoder-webm-vp8: eb34c28f22e8b96e1ab97ce403110664 -> 
  custom:audio-decoder-ogg-vorbis: bf7c407c2cedff20999df2af8eb42d56 -> 
  custom:audio-encoder-webm-vorbis: bf7c407c2cedff20999df2af8eb42d56 -> 
  custom:scripting/monoscript/fileName/Common.cs:  -> 8bc0f21eac88656c6e01146ea436988c
  custom:scripting/monoscript/fileName/Recorder.cs:  -> 39c2e277dcdd18c02926ecf203df3e66
  custom:scripting/monoscript/fileName/OpusCodec.cs:  -> c070b6473e5cd4e763534d6452cdc10e
  custom:scripting/monoscript/fileName/LoadBalancingTransport.cs:  -> 48f3acf539f00ca40f96779a847cf767
  custom:scripting/precompiled-assembly-types:PhotonVoice.PUN:  -> eca0410715f70dc737a2be3fa28d1d03
  custom:scripting/monoscript/fileName/FMODHelpersMenu.cs:  -> a23885e39d7e4f0f166f0b7450f3d962
  custom:scripting/monoscript/fileName/VoiceClient.cs:  -> 3d27388d8d966c187fb41c46c0646176
  custom:scripting/monoscript/fileName/Device.cs:  -> bbfcdc6e3a2aab79b83ec67475593479
  custom:scripting/monoscript/fileName/MicAmplifierFloat.cs:  -> a8c0a65b544128d971773f0336ea10c8
  custom:scripting/monoscript/fileName/SpeakerEditor.cs:  -> c43e934a454ff4141faf8a09498deaa9
  custom:scripting/monoscript/fileName/ConnectAndJoinEditor.cs:  -> f27ae6b45de1a5ae03a253b1c2e85d70
  custom:scripting/monoscript/fileName/Speaker.cs:  -> 53e4541584d57c2fe54246d45c54fa72
  custom:scripting/monoscript/fileName/VoiceLogger.cs:  -> 33ad1c411e730ce3c983fe925ab5c8f6
  custom:scripting/monoscript/fileName/SpeakerAudioFilterRead.cs:  -> 825b0177f87e996af39215b6d663f993
  custom:scripting/monoscript/fileName/UnityAudioOut.cs:  -> 88c9a6a21c1e42a106fc7042ad8c4bdb
  custom:scripting/monoscript/fileName/Util.cs:  -> 9080d408a376cc5be77c81b88faffe20
  custom:scripting/monoscript/fileName/WebRtcAudioDspEditor.cs:  -> 13b7bc2dc382650a2f93807c895a5dde
  custom:scripting/precompiled-assembly-types:PhotonVoice.Editor:  -> e1d2b2386fb6ce19cb2441a222ea85d8
  custom:scripting/precompiled-assembly-types:PhotonVoice.Utilities.Editor:  -> 6ca9222add6775585ac76c2f7f72f824
  custom:scripting/monoscript/fileName/VoiceAudio.cs:  -> 7bed65ec8c74dff78e718418fa053459
  custom:scripting/monoscript/fileName/DeviceEnumerator.cs:  -> da29d112252c5b5ef80be4c61aea3e56
  custom:scripting/monoscript/fileName/VoiceInfo.cs:  -> 9bde5a7ca30c1619a15543cae6a9c5d3
  custom:scripting/monoscript/fileName/RawCodec.cs:  -> 65ed37c18ab9ba0efaad026ab3e559aa
  custom:scripting/monoscript/fileName/VoiceComponent.cs:  -> c0c099186c2896f0d6db06ae9140d04d
  custom:scripting/monoscript/fileName/VoiceFramed.cs:  -> 0cdf409b5aa8d4c25876d72b5c6a3b60
  custom:scripting/monoscript/fileName/PhotonVoiceEditorUtils.cs:  -> d8dee85c1a28d45c5d372164d10ae12c
  custom:scripting/monoscript/fileName/PunVoiceClient.cs:  -> 6260d2dd2d539b55dd98f0c448379e76
  custom:scripting/monoscript/fileName/Platform.cs:  -> f8518e4c84bba54401a702f59cd48497
  custom:scripting/monoscript/fileName/TestTone.cs:  -> d5ffa56f41774c608f663b83189a8f97
  custom:scripting/monoscript/fileName/RecorderPreset.cs:  -> 4e6108cf139bbbe565d3b681bfa1d20b
  custom:scripting/monoscript/fileName/WebRtcAudioDsp.cs:  -> e9538825afb2923534033583c8aa6daa
  custom:scripting/monoscript/fileName/RemoteVoiceLink.cs:  -> 11e51c054bc0c21e285633d5a5fa7724
  custom:scripting/monoscript/fileName/RecorderEditor.cs:  -> bc52c6b5ab302b95b2ec3e73b882fd4b
  custom:scripting/monoscript/fileName/MicAmplifierEditor.cs:  -> 21cb3f02878cf8e09104af352a26b8a6
  custom:scripting/monoscript/fileName/MicAmplifierShort.cs:  -> f937d9718668140c6cda2f6adbf8ce34
  custom:scripting/monoscript/fileName/UnityMicrophone.cs:  -> 2cb89dd620c2dbee60b8f501b5dbaf59
  custom:scripting/monoscript/fileName/PhotonTransport.cs:  -> 4aea8a480efbeff695f770119992b7ff
  custom:scripting/monoscript/fileName/OpusDecoder.cs:  -> 0cdf409b5aa8d4c25876d72b5c6a3b60
  custom:scripting/monoscript/fileName/WebRTCAudioProcessor.cs:  -> 5743f46401bed82fe64679ba46e4336d
  custom:scripting/monoscript/fileName/UnityVoiceClientEditor.cs:  -> d316da310947dfa37532efa15c9acdfb
  custom:scripting/monoscript/fileName/ObjectPool.cs:  -> 849ed7f5b11c9db237ef61b01c5a5104
  custom:scripting/monoscript/fileName/UnityVoiceClient.cs:  -> f7e1fc311763f3e4db38e1fd7c293d3c
  custom:scripting/monoscript/fileName/ObjectFactory.cs:  -> 849ed7f5b11c9db237ef61b01c5a5104
  custom:scripting/monoscript/fileName/Logger.cs:  -> 48b5319a23e2dd67945c047b417927fc
  custom:scripting/monoscript/fileName/AudioClipWrapper.cs:  -> 4e92e4065a5ee3fb367bf1d106734eed
  custom:scripting/monoscript/fileName/SaveIncomingStreamToFile.cs:  -> 12760b166bbb86267642c751db38e1cb
  custom:scripting/monoscript/fileName/MicAmplifier.cs:  -> 84d63e90ef76531961ac47d532444500
  custom:scripting/monoscript/fileName/VoiceDebugScript.cs:  -> 72c7b20180d646ff1bf5fe4615e6c207
  custom:scripting/monoscript/fileName/AudioGen.cs:  -> f069ef1a941d68ea1c62475a36966130
  custom:scripting/monoscript/fileName/MicWrapperPusher.cs:  -> c45781d1994adbdaff794fa849ceb551
  custom:scripting/monoscript/fileName/UnityAndroidAudioInAEC.cs:  -> 5fa2dc678b3d98cbb6be9b94fa810adc
  custom:scripting/monoscript/fileName/VoiceFollowClient.cs:  -> f515a157d8b5ad1d3b53b47d0dd39bad
  custom:scripting/precompiled-assembly-types:PhotonVoice:  -> 610e074f3671ec51b4dbf6357fa2e27d
  custom:scripting/monoscript/fileName/OpusWrapper.cs:  -> 0190d722ad6cccc4c53005d848f12bda
  custom:scripting/monoscript/fileName/AudioChangesHandler.cs:  -> 0ccb83b93abf49df26de0641112d10de
  custom:scripting/precompiled-assembly-types:MicAmplifierEditor.Editor:  -> e3eff8dca780ba37baee99b1926cc071
  custom:scripting/monoscript/fileName/ConnectAndJoin.cs:  -> a40bb2a4e34383a7568e91fc8862adab
  custom:scripting/monoscript/fileName/WindowsAudioIn.cs:  -> f39130ea90753c6c43ad2590d2579764
  custom:scripting/monoscript/fileName/PunVoiceClientEditor.cs:  -> 5af6bef93770b1c83d847d70e055d7c5
  custom:scripting/monoscript/fileName/MicWrapper.cs:  -> 87a0be0b1e317ea10016f47e1c91df41
  custom:scripting/monoscript/fileName/Framer.cs:  -> 0cdf409b5aa8d4c25876d72b5c6a3b60
  custom:scripting/monoscript/fileName/FrameBuffer.cs:  -> b034a3dcd7cae1d662b22440fefd31ad
  custom:scripting/monoscript/fileName/AudioUtil.cs:  -> 78393a29a35b4a8193fecddb149b8c14
  custom:scripting/monoscript/fileName/PhotonVoiceLagSimulationGui.cs:  -> a80ca234f6f2e994c61a29653d928909
  custom:scripting/monoscript/fileName/PhotonAppSettings.cs:  -> 4ba016b8443d6cb2c49f719693a5b6ca
  custom:scripting/monoscript/fileName/PhotonVoiceStatsGui.cs:  -> 0dc4b49c237db8e2557e9e9263a20421
  custom:scripting/monoscript/fileName/AudioOut.cs:  -> b705dbb2bddfa816db3dae4e379ebd84
  custom:scripting/monoscript/fileName/iOSAudioSession.cs:  -> 544a539e14c3f002d688c1bc9bf8267e
  custom:scripting/monoscript/fileName/LoadBalancingTransport2.cs:  -> a56162fa4393c02ed00c1aa9d088e8d0
  custom:scripting/monoscript/fileName/SaveOutgoingStreamToFile.cs:  -> 210c72e519873238eefcfa03a8511ca1
  custom:scripting/monoscript/fileName/MicrophonePermission.cs:  -> c7150a081ebc37e94b380608ebfd9f96
  custom:scripting/monoscript/fileName/WaveWriter.cs:  -> 4354f761ae460f22018fbec85e71c74a
  custom:scripting/monoscript/fileName/OpusEncoder.cs:  -> 1716a574fc780d17d7aebcc7bfed9c9c
  custom:scripting/monoscript/fileName/PhotonVoiceView.cs:  -> 228bb8264feca8cc576f8c68f2773aa8
  custom:scripting/monoscript/fileName/VoiceSourceAdapter.cs:  -> c238a344fab919701e4cce537ee3f78b
  custom:scripting/precompiled-assembly-types:PhotonVoice.PUN.Editor:  -> 1ea4a71a261022e8b14da96e0c6b6672
  custom:scripting/precompiled-assembly-types:Voice.FMOD.Editor:  -> 3be12b4494369d3fcdbfbfea24f05045
  custom:scripting/monoscript/fileName/OpusException.cs:  -> 0f10f25cbd64b2727aca2ca7856e85e3
  custom:scripting/precompiled-assembly-types:PhotonVoice.API:  -> e113801a0d324c62dbbc55ae941fe41f
  custom:scripting/monoscript/fileName/AudioOutCapture.cs:  -> 5a4d19e4f8a4760834a7079a9dec4ba6
  custom:scripting/monoscript/fileName/VoiceCodec.cs:  -> ceea0a4f1236575ec0257b865641015d
  custom:scripting/monoscript/fileName/Voice.cs:  -> a7a8a2fb5ee5c65d23cd63e1bd414948
  custom:scripting/monoscript/fileName/AudioSyncBuffer.cs:  -> 90647cc400823b41df847a6cbfc29026
Editor requested this worker to shutdown with reason: Scaling down because of idle timeout
TcpMessagingSession - receive error: operation aborted. errorcode: 995, details: The I/O operation has been aborted because of either a thread exit or an application request.
AssetImportWorker is now disconnected from the server
Process exiting
Exiting without the bug reporter. Application will terminate with return code 0